?2016-Jun-09 14:45:40.896 [main] INFO  com.amedia.qa.automation.testcases.BaseTest.setupTestSuite - Establishing test output directory at F:\Frameworks\Current\Web\allureprototype/testruns/20160609/UniDev87/Smoke Test Suite_144540887/
?2016-Jun-09 14:46:17.245 [main] INFO  com.amedia.qa.automation.webdriver.Framework.startDriver - Starting driver with firefox browser.
?2016-Jun-09 14:46:25.296 [main] INFO  com.amedia.qa.automation.webdriver.PageInteraction.openURL - Navigate to URL : https://www.google.com
?2016-Jun-09 14:46:29.845 [main] INFO  com.amedia.qa.automation.webdriver.PageInteraction.type - Type in object [By.id: lst-ib] with value : ABC TECH
?2016-Jun-09 14:46:30.400 [main] INFO  com.amedia.qa.automation.webdriver.PageInteraction.click - Click at object [By.name: btnG]
?2016-Jun-09 14:46:37.030 [main] INFO  com.amedia.qa.automation.webdriver.PageInteraction.clickLinkText - Click at link text : ABCTech thailand – We bring fun back to work
?2016-Jun-09 14:47:47.109 [main] INFO  com.amedia.qa.automation.webdriver.PageInteraction.clickLinkText - Click at link text : Contact us
?2016-Jun-09 14:47:48.291 [main] INFO  com.amedia.qa.automation.webdriver.PageInteraction.type - Type in object [By.name: contact_name] with value : John Peter
?2016-Jun-09 14:47:49.121 [main] INFO  com.amedia.qa.automation.webdriver.PageInteraction.type - Type in object [By.name: contact_email] with value : John@Peter.com
?2016-Jun-09 14:47:49.584 [main] INFO  com.amedia.qa.automation.webdriver.PageInteraction.type - Type in object [By.name: contact_subject] with value : This is a test subject
?2016-Jun-09 14:47:50.222 [main] INFO  com.amedia.qa.automation.webdriver.PageInteraction.type - Type in object [By.name: contact_comment] with value : This is a test message. It is just a test.
?2016-Jun-09 14:47:50.375 [main] INFO  com.amedia.qa.automation.webdriver.PageInteraction.verifyValue - Verify value is matched with the expected value : contact@abctech-thailand.com
?2016-Jun-09 14:47:50.497 [main] INFO  com.amedia.qa.automation.webdriver.PageInteraction.verifyValue - Verify value is matched with the expected value : How to reach as?
?2016-Jun-09 14:47:50.581 [main] INFO  com.amedia.qa.automation.webdriver.PageInteraction.verifyValue - Verify value is matched with the expected value : BTS > Get off at BTS Asoke Station
?2016-Jun-09 14:47:55.075 [main] INFO  com.amedia.qa.automation.webdriver.PageInteraction.verifyValue - Verify value is matched with the expected value : Phone
+66 (0) 2663 4340
?2016-Jun-09 14:48:00.026 [main] INFO  com.amedia.qa.automation.webdriver.PageInteraction.click - Click at object [By.xpath: //img[@class='sticky-logo']]
?2016-Jun-09 14:48:02.466 [main] INFO  com.amedia.qa.automation.webdriver.Framework.stopDriver - End driver.
?2016-Jun-09 14:48:14.231 [main] INFO  com.amedia.qa.automation.webdriver.Framework.startDriver - Starting driver with firefox browser.
?2016-Jun-09 14:48:21.113 [main] WARN  com.amedia.qa.automation.webdriver.PageInteraction.clickLinkText - Unable to find an element with link text [EN].
?2016-Jun-09 14:48:22.662 [main] ERROR com.amedia.qa.automation.webdriver.Framework.stopDriver - Java exception occurred : 
org.openqa.selenium.remote.UnreachableBrowserException: Error communicating with the remote browser. It may have died.
Build info: version: '2.53.0', revision: '35ae25b1534ae328c771e0856c93e187490ca824', time: '2016-03-15 10:43:46'
System info: host: 'UniDev87', ip: '10.40.6.61', os.name: 'Windows 7', os.arch: 'amd64', os.version: '6.1', java.version: '1.8.0_60'
Driver info: driver.version: RemoteWebDriver
Capabilities [{applicationCacheEnabled=true, rotatable=false, handlesAlerts=true, databaseEnabled=true, version=40.0.1, platform=WINDOWS, nativeEvents=false, acceptSslCerts=true, webStorageEnabled=true, locationContextEnabled=true, browserName=firefox, takesScreenshot=true, javascriptEnabled=true, cssSelectorsEnabled=true}]
Session ID: 748aaa66-b862-4708-864c-e8bc41b0b7e1
	at org.openqa.selenium.remote.RemoteWebDriver.execute(RemoteWebDriver.java:665)
	at org.openqa.selenium.remote.RemoteWebDriver.execute(RemoteWebDriver.java:701)
	at org.openqa.selenium.remote.RemoteWebDriver.quit(RemoteWebDriver.java:526)
	at com.amedia.qa.automation.webdriver.Framework.stopDriver(Framework.java:109)
	at com.amedia.qa.automation.testcases.testgoogle.AmediaGoogle.endingTest(AmediaGoogle.java:39)
	at sun.reflect.NativeMethodAccessorImpl.invoke0(Native Method)
	at sun.reflect.NativeMethodAccessorImpl.invoke(NativeMethodAccessorImpl.java:62)
	at sun.reflect.DelegatingMethodAccessorImpl.invoke(DelegatingMethodAccessorImpl.java:43)
	at java.lang.reflect.Method.invoke(Method.java:497)
	at org.testng.internal.MethodInvocationHelper.invokeMethod(MethodInvocationHelper.java:86)
	at org.testng.internal.Invoker.invokeConfigurationMethod(Invoker.java:514)
	at org.testng.internal.Invoker.invokeConfigurations(Invoker.java:215)
	at org.testng.internal.Invoker.invokeConfigurations(Invoker.java:142)
	at org.testng.internal.TestMethodWorker.invokeAfterClassMethods(TestMethodWorker.java:232)
	at org.testng.internal.TestMethodWorker.run(TestMethodWorker.java:115)
	at org.testng.TestRunner.privateRun(TestRunner.java:782)
	at org.testng.TestRunner.run(TestRunner.java:632)
	at org.testng.SuiteRunner.runTest(SuiteRunner.java:366)
	at org.testng.SuiteRunner.runSequentially(SuiteRunner.java:361)
	at org.testng.SuiteRunner.privateRun(SuiteRunner.java:319)
	at org.testng.SuiteRunner.run(SuiteRunner.java:268)
	at org.testng.SuiteRunnerWorker.runSuite(SuiteRunnerWorker.java:52)
	at org.testng.SuiteRunnerWorker.run(SuiteRunnerWorker.java:86)
	at org.testng.TestNG.runSuitesSequentially(TestNG.java:1244)
	at org.testng.TestNG.runSuitesLocally(TestNG.java:1169)
	at org.testng.TestNG.run(TestNG.java:1064)
	at org.apache.maven.surefire.testng.TestNGExecutor.run(TestNGExecutor.java:281)
	at org.apache.maven.surefire.testng.TestNGXmlTestSuite.execute(TestNGXmlTestSuite.java:75)
	at org.apache.maven.surefire.testng.TestNGProvider.invoke(TestNGProvider.java:121)
	at org.apache.maven.surefire.booter.ForkedBooter.invokeProviderInSameClassLoader(ForkedBooter.java:290)
	at org.apache.maven.surefire.booter.ForkedBooter.runSuitesInProcess(ForkedBooter.java:242)
	at org.apache.maven.surefire.booter.ForkedBooter.main(ForkedBooter.java:121)
Caused by: org.apache.http.conn.HttpHostConnectException: Connect to 127.0.0.1:7055 [/127.0.0.1] failed: Connection refused: connect
	at org.apache.http.impl.conn.DefaultHttpClientConnectionOperator.connect(DefaultHttpClientConnectionOperator.java:151)
	at org.apache.http.impl.conn.PoolingHttpClientConnectionManager.connect(PoolingHttpClientConnectionManager.java:353)
	at org.apache.http.impl.execchain.MainClientExec.establishRoute(MainClientExec.java:380)
	at org.apache.http.impl.execchain.MainClientExec.execute(MainClientExec.java:236)
	at org.apache.http.impl.execchain.ProtocolExec.execute(ProtocolExec.java:184)
	at org.apache.http.impl.execchain.RetryExec.execute(RetryExec.java:88)
	at org.apache.http.impl.execchain.RedirectExec.execute(RedirectExec.java:110)
	at org.apache.http.impl.client.InternalHttpClient.doExecute(InternalHttpClient.java:184)
	at org.apache.http.impl.client.CloseableHttpClient.execute(CloseableHttpClient.java:71)
	at org.apache.http.impl.client.CloseableHttpClient.execute(CloseableHttpClient.java:55)
	at org.openqa.selenium.remote.internal.ApacheHttpClient.fallBackExecute(ApacheHttpClient.java:144)
	at org.openqa.selenium.remote.internal.ApacheHttpClient.execute(ApacheHttpClient.java:90)
	at org.openqa.selenium.remote.HttpCommandExecutor.execute(HttpCommandExecutor.java:142)
	at org.openqa.selenium.firefox.internal.NewProfileExtensionConnection.execute(NewProfileExtensionConnection.java:160)
	at org.openqa.selenium.firefox.FirefoxDriver$LazyCommandExecutor.execute(FirefoxDriver.java:380)
	at org.openqa.selenium.remote.RemoteWebDriver.execute(RemoteWebDriver.java:644)
	... 31 common frames omitted
Caused by: java.net.ConnectException: Connection refused: connect
	at java.net.DualStackPlainSocketImpl.waitForConnect(Native Method)
	at java.net.DualStackPlainSocketImpl.socketConnect(DualStackPlainSocketImpl.java:85)
	at java.net.AbstractPlainSocketImpl.doConnect(AbstractPlainSocketImpl.java:350)
	at java.net.AbstractPlainSocketImpl.connectToAddress(AbstractPlainSocketImpl.java:206)
	at java.net.AbstractPlainSocketImpl.connect(AbstractPlainSocketImpl.java:188)
	at java.net.PlainSocketImpl.connect(PlainSocketImpl.java:172)
	at java.net.SocksSocketImpl.connect(SocksSocketImpl.java:392)
	at java.net.Socket.connect(Socket.java:589)
	at org.apache.http.conn.socket.PlainConnectionSocketFactory.connectSocket(PlainConnectionSocketFactory.java:74)
	at org.apache.http.impl.conn.DefaultHttpClientConnectionOperator.connect(DefaultHttpClientConnectionOperator.java:134)
	... 46 common frames omitted
