<?xml version="1.0" encoding="UTF-8" standalone="yes"?>
<ns2:test-suite start="1465448330649" stop="1465448449770" version="1.4.23" xmlns:ns2="urn:model.allure.qatools.yandex.ru">
    <name>Smoke Test Suite : Smoke Test 2</name>
    <title>Smoke Test Suite : Smoke Test 2</title>
    <test-cases>
        <test-case start="1465448341626" stop="1465448357359" status="passed">
            <name>searchAmediaInGoogle</name>
            <description>Navigate to google.com and search with ABC Tech keyword.</description>
            <steps>
                <step start="1465448327266" stop="1465448329882" status="passed">
                    <name>stopDriver</name>
                    <title>Ending driver.</title>
                    <attachments/>
                    <steps/>
                </step>
                <step start="1465448330702" stop="1465448341335" status="passed">
                    <name>startDriver[firefox]</name>
                    <title>Starting firefox driver.</title>
                    <attachments/>
                    <steps/>
                </step>
                <step start="1465448341632" stop="1465448349834" status="passed">
                    <name>openURL[https://www.google.com]</name>
                    <title>Navigate to url : https://www.google.com</title>
                    <attachments/>
                    <steps/>
                </step>
                <step start="1465448349836" stop="1465448351166" status="passed">
                    <name>type[By.id: lst-ib, amedia]</name>
                    <title>Type in object [By.id: lst-ib] with value : amedia</title>
                    <attachments/>
                    <steps/>
                </step>
                <step start="1465448351167" stop="1465448351885" status="passed">
                    <name>click[By.name: btnG]</name>
                    <title>Click at object [By.name: btnG]</title>
                    <attachments/>
                    <steps/>
                </step>
                <step start="1465448351887" stop="1465448357359" status="passed">
                    <name>clickLinkText[Amedia]</name>
                    <title>Click at link text : Amedia</title>
                    <attachments/>
                    <steps/>
                </step>
            </steps>
            <attachments/>
            <labels>
                <label name="story" value="BT-0002 : Search working properly with Amedia"/>
                <label name="feature" value="Google"/>
                <label name="host" value="UniDev87"/>
                <label name="thread" value="1780@UniDev87.main(1)"/>
            </labels>
        </test-case>
        <test-case start="1465448357391" stop="1465448448912" status="failed">
            <name>clickChangeLanguageToEng</name>
            <description>Click on the contact us link.</description>
            <failure>
                <message>AssertionError: Unable to find an element with link text [EN].</message>
                <stack-trace>java.lang.AssertionError: Unable to find an element with link text [EN].
	at org.testng.Assert.fail(Assert.java:94)
	at com.amedia.qa.automation.webdriver.PageInteraction.clickLinkText(PageInteraction.java:197)
	at com.amedia.qa.automation.testcases.testgoogle.AmediaGoogle.clickChangeLanguageToEng(AmediaGoogle.java:32)
	at sun.reflect.NativeMethodAccessorImpl.invoke0(Native Method)
	at sun.reflect.NativeMethodAccessorImpl.invoke(NativeMethodAccessorImpl.java:62)
	at sun.reflect.DelegatingMethodAccessorImpl.invoke(DelegatingMethodAccessorImpl.java:43)
	at java.lang.reflect.Method.invoke(Method.java:497)
	at org.testng.internal.MethodInvocationHelper.invokeMethod(MethodInvocationHelper.java:86)
	at org.testng.internal.Invoker.invokeMethod(Invoker.java:643)
	at org.testng.internal.Invoker.invokeTestMethod(Invoker.java:820)
	at org.testng.internal.Invoker.invokeTestMethods(Invoker.java:1128)
	at org.testng.internal.TestMethodWorker.invokeTestMethods(TestMethodWorker.java:129)
	at org.testng.internal.TestMethodWorker.run(TestMethodWorker.java:112)
	at org.testng.TestRunner.privateRun(TestRunner.java:782)
	at org.testng.TestRunner.run(TestRunner.java:632)
	at org.testng.SuiteRunner.runTest(SuiteRunner.java:366)
	at org.testng.SuiteRunner.runSequentially(SuiteRunner.java:361)
	at org.testng.SuiteRunner.privateRun(SuiteRunner.java:319)
	at org.testng.SuiteRunner.run(SuiteRunner.java:268)
	at org.testng.SuiteRunnerWorker.runSuite(SuiteRunnerWorker.java:52)
	at org.testng.SuiteRunnerWorker.run(SuiteRunnerWorker.java:86)
	at org.testng.TestNG.runSuitesSequentially(TestNG.java:1244)
	at org.testng.TestNG.runSuitesLocally(TestNG.java:1169)
	at org.testng.TestNG.run(TestNG.java:1064)
	at org.apache.maven.surefire.testng.TestNGExecutor.run(TestNGExecutor.java:281)
	at org.apache.maven.surefire.testng.TestNGXmlTestSuite.execute(TestNGXmlTestSuite.java:75)
	at org.apache.maven.surefire.testng.TestNGProvider.invoke(TestNGProvider.java:121)
	at org.apache.maven.surefire.booter.ForkedBooter.invokeProviderInSameClassLoader(ForkedBooter.java:290)
	at org.apache.maven.surefire.booter.ForkedBooter.runSuitesInProcess(ForkedBooter.java:242)
	at org.apache.maven.surefire.booter.ForkedBooter.main(ForkedBooter.java:121)
</stack-trace>
            </failure>
            <steps>
                <step start="1465448357396" stop="1465448448849" status="failed">
                    <name>clickLinkText[EN]</name>
                    <title>Click at link text : EN</title>
                </step>
            </steps>
            <attachments/>
            <labels>
                <label name="story" value="BT-0002 : Search working properly with Amedia"/>
                <label name="feature" value="Google"/>
                <label name="host" value="UniDev87"/>
                <label name="thread" value="1780@UniDev87.main(1)"/>
            </labels>
        </test-case>
    </test-cases>
    <labels>
        <label name="framework" value="TestNG"/>
        <label name="language" value="JAVA"/>
    </labels>
</ns2:test-suite>
