{
  "uid" : "27d790a8ca80ef12",
  "name" : "clickChangeLanguageToEng",
  "title" : "Click change language to eng",
  "time" : {
    "start" : 1465447699968,
    "stop" : 1465447701222,
    "duration" : 1254
  },
  "summary" : {
    "attachments" : 0,
    "steps" : 1
  },
  "failure" : {
    "message" : "AssertionError: Unable to find an element with link text [EN].",
    "stackTrace" : "java.lang.AssertionError: Unable to find an element with link text [EN].\n\tat org.testng.Assert.fail(Assert.java:94)\n\tat com.amedia.qa.automation.webdriver.PageInteraction.clickLinkText(PageInteraction.java:197)\n\tat com.amedia.qa.automation.testcases.testgoogle.AmediaGoogle.clickChangeLanguageToEng(AmediaGoogle.java:32)\n\tat sun.reflect.NativeMethodAccessorImpl.invoke0(Native Method)\n\tat sun.reflect.NativeMethodAccessorImpl.invoke(NativeMethodAccessorImpl.java:62)\n\tat sun.reflect.DelegatingMethodAccessorImpl.invoke(DelegatingMethodAccessorImpl.java:43)\n\tat java.lang.reflect.Method.invoke(Method.java:497)\n\tat org.testng.internal.MethodInvocationHelper.invokeMethod(MethodInvocationHelper.java:86)\n\tat org.testng.internal.Invoker.invokeMethod(Invoker.java:643)\n\tat org.testng.internal.Invoker.invokeTestMethod(Invoker.java:820)\n\tat org.testng.internal.Invoker.invokeTestMethods(Invoker.java:1128)\n\tat org.testng.internal.TestMethodWorker.invokeTestMethods(TestMethodWorker.java:129)\n\tat org.testng.internal.TestMethodWorker.run(TestMethodWorker.java:112)\n\tat org.testng.TestRunner.privateRun(TestRunner.java:782)\n\tat org.testng.TestRunner.run(TestRunner.java:632)\n\tat org.testng.SuiteRunner.runTest(SuiteRunner.java:366)\n\tat org.testng.SuiteRunner.runSequentially(SuiteRunner.java:361)\n\tat org.testng.SuiteRunner.privateRun(SuiteRunner.java:319)\n\tat org.testng.SuiteRunner.run(SuiteRunner.java:268)\n\tat org.testng.SuiteRunnerWorker.runSuite(SuiteRunnerWorker.java:52)\n\tat org.testng.SuiteRunnerWorker.run(SuiteRunnerWorker.java:86)\n\tat org.testng.TestNG.runSuitesSequentially(TestNG.java:1244)\n\tat org.testng.TestNG.runSuitesLocally(TestNG.java:1169)\n\tat org.testng.TestNG.run(TestNG.java:1064)\n\tat org.apache.maven.surefire.testng.TestNGExecutor.run(TestNGExecutor.java:281)\n\tat org.apache.maven.surefire.testng.TestNGXmlTestSuite.execute(TestNGXmlTestSuite.java:75)\n\tat org.apache.maven.surefire.testng.TestNGProvider.invoke(TestNGProvider.java:121)\n\tat org.apache.maven.surefire.booter.ForkedBooter.invokeProviderInSameClassLoader(ForkedBooter.java:290)\n\tat org.apache.maven.surefire.booter.ForkedBooter.runSuitesInProcess(ForkedBooter.java:242)\n\tat org.apache.maven.surefire.booter.ForkedBooter.main(ForkedBooter.java:121)\n"
  },
  "description" : {
    "value" : "Click on the contact us link.",
    "type" : "TEXT"
  },
  "severity" : "NORMAL",
  "status" : "FAILED",
  "testId" : null,
  "suite" : {
    "uid" : "86be3b00c6129884",
    "name" : "Smoke Test Suite : Smoke Test 2",
    "title" : "Smoke Test Suite : Smoke Test 2"
  },
  "steps" : [ {
    "name" : "clickLinkText[EN]",
    "title" : "Click at link text : EN",
    "time" : {
      "start" : 1465447699975,
      "stop" : 1465447701220,
      "duration" : 1245
    },
    "summary" : {
      "attachments" : 0,
      "steps" : 0
    },
    "status" : "FAILED",
    "attachments" : [ ],
    "steps" : [ ]
  } ],
  "attachments" : [ ],
  "issues" : [ ],
  "labels" : [ {
    "name" : "language",
    "value" : "JAVA"
  }, {
    "name" : "feature",
    "value" : "Google"
  }, {
    "name" : "suite-name",
    "value" : "Smoke Test Suite : Smoke Test 2"
  }, {
    "name" : "framework",
    "value" : "TestNG"
  }, {
    "name" : "host",
    "value" : "UniDev87"
  }, {
    "name" : "thread",
    "value" : "12108@UniDev87.main(1)"
  }, {
    "name" : "suite-title",
    "value" : "Smoke Test Suite : Smoke Test 2"
  }, {
    "name" : "story",
    "value" : "BT-0002 : Search working properly with Amedia"
  } ],
  "parameters" : [ ]
}