{
  "defectsList" : [ {
    "title" : "Product defects",
    "status" : "FAILED",
    "defects" : [ {
      "uid" : "f449799218e00fa6",
      "failure" : {
        "message" : "AssertionError: Unable to find an element with link text [EN].",
        "stackTrace" : "java.lang.AssertionError: Unable to find an element with link text [EN].\n\tat org.testng.Assert.fail(Assert.java:94)\n\tat com.amedia.qa.automation.webdriver.PageInteraction.clickLinkText(PageInteraction.java:197)\n\tat com.amedia.qa.automation.testcases.testgoogle.AmediaGoogle.clickChangeLanguageToEng(AmediaGoogle.java:32)\n\tat sun.reflect.NativeMethodAccessorImpl.invoke0(Native Method)\n\tat sun.reflect.NativeMethodAccessorImpl.invoke(NativeMethodAccessorImpl.java:62)\n\tat sun.reflect.DelegatingMethodAccessorImpl.invoke(DelegatingMethodAccessorImpl.java:43)\n\tat java.lang.reflect.Method.invoke(Method.java:497)\n\tat org.testng.internal.MethodInvocationHelper.invokeMethod(MethodInvocationHelper.java:86)\n\tat org.testng.internal.Invoker.invokeMethod(Invoker.java:643)\n\tat org.testng.internal.Invoker.invokeTestMethod(Invoker.java:820)\n\tat org.testng.internal.Invoker.invokeTestMethods(Invoker.java:1128)\n\tat org.testng.internal.TestMethodWorker.invokeTestMethods(TestMethodWorker.java:129)\n\tat org.testng.internal.TestMethodWorker.run(TestMethodWorker.java:112)\n\tat org.testng.TestRunner.privateRun(TestRunner.java:782)\n\tat org.testng.TestRunner.run(TestRunner.java:632)\n\tat org.testng.SuiteRunner.runTest(SuiteRunner.java:366)\n\tat org.testng.SuiteRunner.runSequentially(SuiteRunner.java:361)\n\tat org.testng.SuiteRunner.privateRun(SuiteRunner.java:319)\n\tat org.testng.SuiteRunner.run(SuiteRunner.java:268)\n\tat org.testng.SuiteRunnerWorker.runSuite(SuiteRunnerWorker.java:52)\n\tat org.testng.SuiteRunnerWorker.run(SuiteRunnerWorker.java:86)\n\tat org.testng.TestNG.runSuitesSequentially(TestNG.java:1244)\n\tat org.testng.TestNG.runSuitesLocally(TestNG.java:1169)\n\tat org.testng.TestNG.run(TestNG.java:1064)\n\tat org.apache.maven.surefire.testng.TestNGExecutor.run(TestNGExecutor.java:281)\n\tat org.apache.maven.surefire.testng.TestNGXmlTestSuite.execute(TestNGXmlTestSuite.java:75)\n\tat org.apache.maven.surefire.testng.TestNGProvider.invoke(TestNGProvider.java:121)\n\tat org.apache.maven.surefire.booter.ForkedBooter.invokeProviderInSameClassLoader(ForkedBooter.java:290)\n\tat org.apache.maven.surefire.booter.ForkedBooter.runSuitesInProcess(ForkedBooter.java:242)\n\tat org.apache.maven.surefire.booter.ForkedBooter.main(ForkedBooter.java:121)\n"
      },
      "testCases" : [ {
        "uid" : "27d790a8ca80ef12",
        "name" : "clickChangeLanguageToEng",
        "title" : "Click change language to eng",
        "time" : {
          "start" : 1465447699968,
          "stop" : 1465447701222,
          "duration" : 1254
        },
        "severity" : "NORMAL",
        "status" : "FAILED"
      }, {
        "uid" : "b2a53f990d1ee424",
        "name" : "clickChangeLanguageToEng",
        "title" : "Click change language to eng",
        "time" : {
          "start" : 1465448357391,
          "stop" : 1465448448912,
          "duration" : 91521
        },
        "severity" : "NORMAL",
        "status" : "FAILED"
      } ]
    } ]
  }, {
    "title" : "Test defects",
    "status" : "BROKEN",
    "defects" : [ {
      "uid" : "8034b5a443848520",
      "failure" : {
        "message" : "UnreachableBrowserException: Error communicating with the remote browser. It may have died.\nBuild info: version: '2.53.0', revision: '35ae25b1534ae328c771e0856c93e187490ca824', time: '2016-03-15 10:43:46'\nSystem info: host: 'UniDev87', ip: '10.40.6.61', os.name: 'Windows 7', os.arch: 'amd64', os.version: '6.1', java.version: '1.8.0_60'\nDriver info: driver.version: RemoteWebDriver\nCapabilities [{applicationCacheEnabled=true, rotatable=false, handlesAlerts=true, databaseEnabled=true, version=40.0.1, platform=WINDOWS, nativeEvents=false, acceptSslCerts=true, webStorageEnabled=true, locationContextEnabled=true, browserName=firefox, takesScreenshot=true, javascriptEnabled=true, cssSelectorsEnabled=true}]\nSession ID: 748aaa66-b862-4708-864c-e8bc41b0b7e1",
        "stackTrace" : "org.openqa.selenium.remote.UnreachableBrowserException: Error communicating with the remote browser. It may have died.\nBuild info: version: '2.53.0', revision: '35ae25b1534ae328c771e0856c93e187490ca824', time: '2016-03-15 10:43:46'\nSystem info: host: 'UniDev87', ip: '10.40.6.61', os.name: 'Windows 7', os.arch: 'amd64', os.version: '6.1', java.version: '1.8.0_60'\nDriver info: driver.version: RemoteWebDriver\nCapabilities [{applicationCacheEnabled=true, rotatable=false, handlesAlerts=true, databaseEnabled=true, version=40.0.1, platform=WINDOWS, nativeEvents=false, acceptSslCerts=true, webStorageEnabled=true, locationContextEnabled=true, browserName=firefox, takesScreenshot=true, javascriptEnabled=true, cssSelectorsEnabled=true}]\nSession ID: 748aaa66-b862-4708-864c-e8bc41b0b7e1\n\tat org.openqa.selenium.remote.RemoteWebDriver.execute(RemoteWebDriver.java:665)\n\tat org.openqa.selenium.remote.RemoteWebDriver.get(RemoteWebDriver.java:316)\n\tat com.amedia.qa.automation.webdriver.PageInteraction.openURL(PageInteraction.java:128)\n\tat com.amedia.qa.automation.testcases.testgoogle.AmediaGoogle.searchAmediaInGoogle(AmediaGoogle.java:24)\n\tat sun.reflect.NativeMethodAccessorImpl.invoke0(Native Method)\n\tat sun.reflect.NativeMethodAccessorImpl.invoke(NativeMethodAccessorImpl.java:62)\n\tat sun.reflect.DelegatingMethodAccessorImpl.invoke(DelegatingMethodAccessorImpl.java:43)\n\tat java.lang.reflect.Method.invoke(Method.java:497)\n\tat org.testng.internal.MethodInvocationHelper.invokeMethod(MethodInvocationHelper.java:86)\n\tat org.testng.internal.Invoker.invokeMethod(Invoker.java:643)\n\tat org.testng.internal.Invoker.invokeTestMethod(Invoker.java:820)\n\tat org.testng.internal.Invoker.invokeTestMethods(Invoker.java:1128)\n\tat org.testng.internal.TestMethodWorker.invokeTestMethods(TestMethodWorker.java:129)\n\tat org.testng.internal.TestMethodWorker.run(TestMethodWorker.java:112)\n\tat org.testng.TestRunner.privateRun(TestRunner.java:782)\n\tat org.testng.TestRunner.run(TestRunner.java:632)\n\tat org.testng.SuiteRunner.runTest(SuiteRunner.java:366)\n\tat org.testng.SuiteRunner.runSequentially(SuiteRunner.java:361)\n\tat org.testng.SuiteRunner.privateRun(SuiteRunner.java:319)\n\tat org.testng.SuiteRunner.run(SuiteRunner.java:268)\n\tat org.testng.SuiteRunnerWorker.runSuite(SuiteRunnerWorker.java:52)\n\tat org.testng.SuiteRunnerWorker.run(SuiteRunnerWorker.java:86)\n\tat org.testng.TestNG.runSuitesSequentially(TestNG.java:1244)\n\tat org.testng.TestNG.runSuitesLocally(TestNG.java:1169)\n\tat org.testng.TestNG.run(TestNG.java:1064)\n\tat org.apache.maven.surefire.testng.TestNGExecutor.run(TestNGExecutor.java:281)\n\tat org.apache.maven.surefire.testng.TestNGXmlTestSuite.execute(TestNGXmlTestSuite.java:75)\n\tat org.apache.maven.surefire.testng.TestNGProvider.invoke(TestNGProvider.java:121)\n\tat org.apache.maven.surefire.booter.ForkedBooter.invokeProviderInSameClassLoader(ForkedBooter.java:290)\n\tat org.apache.maven.surefire.booter.ForkedBooter.runSuitesInProcess(ForkedBooter.java:242)\n\tat org.apache.maven.surefire.booter.ForkedBooter.main(ForkedBooter.java:121)\nCaused by: org.apache.http.conn.HttpHostConnectException: Connect to 127.0.0.1:7055 [/127.0.0.1] failed: Connection refused: connect\n\tat org.apache.http.impl.conn.DefaultHttpClientConnectionOperator.connect(DefaultHttpClientConnectionOperator.java:151)\n\tat org.apache.http.impl.conn.PoolingHttpClientConnectionManager.connect(PoolingHttpClientConnectionManager.java:353)\n\tat org.apache.http.impl.execchain.MainClientExec.establishRoute(MainClientExec.java:380)\n\tat org.apache.http.impl.execchain.MainClientExec.execute(MainClientExec.java:236)\n\tat org.apache.http.impl.execchain.ProtocolExec.execute(ProtocolExec.java:184)\n\tat org.apache.http.impl.execchain.RetryExec.execute(RetryExec.java:88)\n\tat org.apache.http.impl.execchain.RedirectExec.execute(RedirectExec.java:110)\n\tat org.apache.http.impl.client.InternalHttpClient.doExecute(InternalHttpClient.java:184)\n\tat org.apache.http.impl.client.CloseableHttpClient.execute(CloseableHttpClient.java:71)\n\tat org.apache.http.impl.client.CloseableHttpClient.execute(CloseableHttpClient.java:55)\n\tat org.openqa.selenium.remote.internal.ApacheHttpClient.fallBackExecute(ApacheHttpClient.java:162)\n\tat org.openqa.selenium.remote.internal.ApacheHttpClient.execute(ApacheHttpClient.java:90)\n\tat org.openqa.selenium.remote.HttpCommandExecutor.execute(HttpCommandExecutor.java:142)\n\tat org.openqa.selenium.firefox.internal.NewProfileExtensionConnection.execute(NewProfileExtensionConnection.java:160)\n\tat org.openqa.selenium.firefox.FirefoxDriver$LazyCommandExecutor.execute(FirefoxDriver.java:380)\n\tat org.openqa.selenium.remote.RemoteWebDriver.execute(RemoteWebDriver.java:644)\n\t... 30 more\nCaused by: java.net.ConnectException: Connection refused: connect\n\tat java.net.DualStackPlainSocketImpl.waitForConnect(Native Method)\n\tat java.net.DualStackPlainSocketImpl.socketConnect(DualStackPlainSocketImpl.java:85)\n\tat java.net.AbstractPlainSocketImpl.doConnect(AbstractPlainSocketImpl.java:350)\n\tat java.net.AbstractPlainSocketImpl.connectToAddress(AbstractPlainSocketImpl.java:206)\n\tat java.net.AbstractPlainSocketImpl.connect(AbstractPlainSocketImpl.java:188)\n\tat java.net.PlainSocketImpl.connect(PlainSocketImpl.java:172)\n\tat java.net.SocksSocketImpl.connect(SocksSocketImpl.java:392)\n\tat java.net.Socket.connect(Socket.java:589)\n\tat org.apache.http.conn.socket.PlainConnectionSocketFactory.connectSocket(PlainConnectionSocketFactory.java:74)\n\tat org.apache.http.impl.conn.DefaultHttpClientConnectionOperator.connect(DefaultHttpClientConnectionOperator.java:134)\n\t... 45 more\n"
      },
      "testCases" : [ {
        "uid" : "8c41dac7b061b845",
        "name" : "searchAmediaInGoogle",
        "title" : "Search amedia in google",
        "time" : {
          "start" : 1465447694312,
          "stop" : 1465447699966,
          "duration" : 5654
        },
        "severity" : "NORMAL",
        "status" : "BROKEN"
      } ]
    } ]
  } ]
}